C:\USERS\NIPUN\DOCUMENTS\VISUAL STUDIO 2012\PROJECTS\HR_BUILDLIST\HR_BUILDLIST\DEBUG\HR_BUILDLIST.PCH
C:\USERS\NIPUN\DOCUMENTS\VISUAL STUDIO 2012\PROJECTS\HR_BUILDLIST\HR_BUILDLIST\DEBUG\STDAFX.OBJ
C:\USERS\NIPUN\DOCUMENTS\VISUAL STUDIO 2012\PROJECTS\HR_BUILDLIST\HR_BUILDLIST\DEBUG\VC110.PDB
C:\USERS\NIPUN\DOCUMENTS\VISUAL STUDIO 2012\PROJECTS\HR_BUILDLIST\HR_BUILDLIST\DEBUG\HR_BUILDLIST.OBJ
C:\Users\Nipun\Documents\Visual Studio 2012\Projects\HR_BuildList\HR_BuildList\Debug\HR_BuildList.obj
C:\Users\Nipun\Documents\Visual Studio 2012\Projects\HR_BuildList\HR_BuildList\Debug\stdafx.obj
C:\Users\Nipun\Documents\Visual Studio 2012\Projects\HR_BuildList\HR_BuildList\Debug\cl.command.1.tlog
C:\Users\Nipun\Documents\Visual Studio 2012\Projects\HR_BuildList\HR_BuildList\Debug\CL.read.1.tlog
C:\Users\Nipun\Documents\Visual Studio 2012\Projects\HR_BuildList\HR_BuildList\Debug\CL.write.1.tlog
C:\Users\Nipun\Documents\Visual Studio 2012\Projects\HR_BuildList\HR_BuildList\Debug\link-cvtres.read.1.tlog
C:\Users\Nipun\Documents\Visual Studio 2012\Projects\HR_BuildList\HR_BuildList\Debug\link-cvtres.write.1.tlog
C:\Users\Nipun\Documents\Visual Studio 2012\Projects\HR_BuildList\HR_BuildList\Debug\link-rc.read.1.tlog
C:\Users\Nipun\Documents\Visual Studio 2012\Projects\HR_BuildList\HR_BuildList\Debug\link-rc.write.1.tlog
C:\Users\Nipun\Documents\Visual Studio 2012\Projects\HR_BuildList\HR_BuildList\Debug\link.3300-cvtres.read.1.tlog
C:\Users\Nipun\Documents\Visual Studio 2012\Projects\HR_BuildList\HR_BuildList\Debug\link.3300-cvtres.write.1.tlog
C:\Users\Nipun\Documents\Visual Studio 2012\Projects\HR_BuildList\HR_BuildList\Debug\link.3300-rc.read.1.tlog
C:\Users\Nipun\Documents\Visual Studio 2012\Projects\HR_BuildList\HR_BuildList\Debug\link.3300-rc.write.1.tlog
C:\Users\Nipun\Documents\Visual Studio 2012\Projects\HR_BuildList\HR_BuildList\Debug\link.3300.read.1.tlog
C:\Users\Nipun\Documents\Visual Studio 2012\Projects\HR_BuildList\HR_BuildList\Debug\link.3300.write.1.tlog
C:\Users\Nipun\Documents\Visual Studio 2012\Projects\HR_BuildList\HR_BuildList\Debug\link.6116-cvtres.read.1.tlog
C:\Users\Nipun\Documents\Visual Studio 2012\Projects\HR_BuildList\HR_BuildList\Debug\link.6116-cvtres.write.1.tlog
C:\Users\Nipun\Documents\Visual Studio 2012\Projects\HR_BuildList\HR_BuildList\Debug\link.6116-rc.read.1.tlog
C:\Users\Nipun\Documents\Visual Studio 2012\Projects\HR_BuildList\HR_BuildList\Debug\link.6116-rc.write.1.tlog
C:\Users\Nipun\Documents\Visual Studio 2012\Projects\HR_BuildList\HR_BuildList\Debug\link.6116.read.1.tlog
C:\Users\Nipun\Documents\Visual Studio 2012\Projects\HR_BuildList\HR_BuildList\Debug\link.6116.write.1.tlog
C:\Users\Nipun\Documents\Visual Studio 2012\Projects\HR_BuildList\HR_BuildList\Debug\link.7224-cvtres.read.1.tlog
C:\Users\Nipun\Documents\Visual Studio 2012\Projects\HR_BuildList\HR_BuildList\Debug\link.7224-cvtres.write.1.tlog
C:\Users\Nipun\Documents\Visual Studio 2012\Projects\HR_BuildList\HR_BuildList\Debug\link.7224-rc.read.1.tlog
C:\Users\Nipun\Documents\Visual Studio 2012\Projects\HR_BuildList\HR_BuildList\Debug\link.7224-rc.write.1.tlog
C:\Users\Nipun\Documents\Visual Studio 2012\Projects\HR_BuildList\HR_BuildList\Debug\link.7224.read.1.tlog
C:\Users\Nipun\Documents\Visual Studio 2012\Projects\HR_BuildList\HR_BuildList\Debug\link.7224.write.1.tlog
C:\Users\Nipun\Documents\Visual Studio 2012\Projects\HR_BuildList\HR_BuildList\Debug\link.8520-cvtres.read.1.tlog
C:\Users\Nipun\Documents\Visual Studio 2012\Projects\HR_BuildList\HR_BuildList\Debug\link.8520-cvtres.write.1.tlog
C:\Users\Nipun\Documents\Visual Studio 2012\Projects\HR_BuildList\HR_BuildList\Debug\link.8520-rc.read.1.tlog
C:\Users\Nipun\Documents\Visual Studio 2012\Projects\HR_BuildList\HR_BuildList\Debug\link.8520-rc.write.1.tlog
C:\Users\Nipun\Documents\Visual Studio 2012\Projects\HR_BuildList\HR_BuildList\Debug\link.8520.read.1.tlog
C:\Users\Nipun\Documents\Visual Studio 2012\Projects\HR_BuildList\HR_BuildList\Debug\link.8520.write.1.tlog
C:\Users\Nipun\Documents\Visual Studio 2012\Projects\HR_BuildList\HR_BuildList\Debug\link.command.1.tlog
C:\Users\Nipun\Documents\Visual Studio 2012\Projects\HR_BuildList\HR_BuildList\Debug\link.read.1.tlog
C:\Users\Nipun\Documents\Visual Studio 2012\Projects\HR_BuildList\HR_BuildList\Debug\link.write.1.tlog
C:\Users\Nipun\Documents\Visual Studio 2012\Projects\HR_BuildList\HR_BuildList\Debug\HR_BuildList.pch
C:\Users\Nipun\Documents\Visual Studio 2012\Projects\HR_BuildList\HR_BuildList\Debug\vc110.idb
C:\Users\Nipun\Documents\Visual Studio 2012\Projects\HR_BuildList\HR_BuildList\Debug\vc110.pdb
C:\Users\Nipun\Documents\Visual Studio 2012\Projects\HR_BuildList\Debug\HR_BuildList.pdb
C:\Users\Nipun\Documents\Visual Studio 2012\Projects\HR_BuildList\Debug\HR_BuildList.ilk
